System entrophy of entry :1.5709506273269653

----------------------
Class: 0.02237869501113887
Repeat: 0.34688999454180397
Attendance: 0.0988821744918823
Difficulty: 0.09977798461914072
Q1: 0.02237869501113887
Q2: 0.05004768371582058
Q3: 0.0171780824661254
Q4: 0.030195522308349654
Q5: 0.05004768371582058
Q6: 0.03203259309132889
Q7: 0.030195522308349654
Q8: 0.007379404703776071
Q9: 0.02439335982004831
Q10: 0.05004768371582058
Q11: 0.04332816998163869
Q12: 0.030195522308349654
Q13: 0.010198481877644827
Q14: 0.09204159577687587
Q15: 0.09204159577687587
Q16: 0.02237869501113887
Q17: 0.09204159577687587
Q18: 0.10330241918563843
Q19: 0.10330241918563843
Q20: 0.049022555351257324
Q21: 0.09204159577687587
Q22: 0.09204159577687587
Q23: 0.06884200175603228
Q24: 0.06884200175603228
Q25: 0.09204159577687587
Q26: 0.007948410511016912
Q27: 0.06884200175603228
Q28: 0.049022555351257324
Branches :32

--------------------------------------------------------
selected :Repeat <<<<
--------------------------------------------------------
System entrophy of 1 :1.4020813703536987

----------------------
Class: 0.025027850094963555
Attendance: 0.243891954421997
Difficulty: 0.061097176635966643
Q1: 0.1106765340356266
Q2: 0.014472302268533022
Q3: 0.05828182837542362
Q4: 0.03377990862902469
Q5: 0.014472302268533022
Q6: 0.08652088922612794
Q7: 0.014472302268533022
Q8: 0.014472302268533022
Q9: 0.014472302268533022
Q10: 0.014472302268533022
Q11: 0.04994606971740728
Q12: 0.014472302268533022
Q13: 0.10114739572300635
Q14: 0.2603219817666446
Q15: 0.2603219817666446
Q16: 0.17286978749667892
Q17: 0.2603219817666446
Q18: 0.2603219817666446
Q19: 0.2603219817666446
Q20: 0.17286978749667892
Q21: 0.2603219817666446
Q22: 0.2603219817666446
Q23: 0.2603219817666446
Q24: 0.2603219817666446
Q25: 0.2603219817666446
Q26: 0.11067653403562655
Q27: 0.2603219817666446
Q28: 0.2603219817666446
Branches :31

--------------------------------------------------------
selected :Q14 <<<<
--------------------------------------------------------
System entrophy of 1 :1.4355205297470093

----------------------
Class: 0.15665664275487273
Attendance: 0.1409111685223049
Difficulty: 0.15665664275487273
Q1: 0.1566566427548728
Q2: 0.007214652167426228
Q3: 0.007214652167426228
Q4: 0.22943688763512504
Q5: 0.22943688763512504
Q6: 0.10218719641367602
Q7: 0.22943688763512504
Q8: 0.22943688763512504
Q9: 0.22943688763512504
Q10: 0.22943688763512504
Q11: 0.0
Q12: 0.22943688763512504
Q13: 0.10218719641367602
Q15: 0.0
Q16: 0.0
Q17: 0.0
Q18: 0.0
Q19: 0.0
Q20: 0.0
Q21: 0.0
Q22: 0.0
Q23: 0.0
Q24: 0.0
Q25: 0.0
Q26: 0.0
Q27: 0.0
Q28: 0.0
Branches :30

--------------------------------------------------------
selected :Q4 <<<<
--------------------------------------------------------
System entrophy of 1 :1.521928071975708

----------------------
Class: 0.5709505558013916
Attendance: 0.17095057964324956
Difficulty: 0.17095057964324956
Q1: 0.17095057964324967
Q2: 0.32192807197570783
Q3: 0.32192807197570783
Q5: 0.0
Q6: 0.0
Q7: 0.0
Q8: 0.0
Q9: 0.0
Q10: 0.0
Q11: 0.0
Q12: 0.0
Q13: 0.0
Q15: 0.0
Q16: 0.0
Q17: 0.0
Q18: 0.0
Q19: 0.0
Q20: 0.0
Q21: 0.0
Q22: 0.0
Q23: 0.0
Q24: 0.0
Q25: 0.0
Q26: 0.0
Q27: 0.0
Q28: 0.0
Branches :29

--------------------------------------------------------
selected :Class <<<<
--------------------------------------------------------
System entrophy of 1 :0.9182958602905273

----------------------
Attendance: 0.2516291936238607
Difficulty: 0.2516291936238607
Q1: 0.2516291936238607
Q2: 0.2516291936238607
Q3: 0.2516291936238607
Q5: 0.0
Q6: 0.0
Q7: 0.0
Q8: 0.0
Q9: 0.0
Q10: 0.0
Q11: 0.0
Q12: 0.0
Q13: 0.0
Q15: 0.0
Q16: 0.0
Q17: 0.0
Q18: 0.0
Q19: 0.0
Q20: 0.0
Q21: 0.0
Q22: 0.0
Q23: 0.0
Q24: 0.0
Q25: 0.0
Q26: 0.0
Q27: 0.0
Q28: 0.0
Branches :28

--------------------------------------------------------
selected :Attendance <<<<
--------------------------------------------------------
System entrophy of 2 :1.0

----------------------
Difficulty: 0.0
Q1: 0.0
Q2: 1.0
Q3: 1.0
Q5: 0.0
Q6: 0.0
Q7: 0.0
Q8: 0.0
Q9: 0.0
Q10: 0.0
Q11: 0.0
Q12: 0.0
Q13: 0.0
Q15: 0.0
Q16: 0.0
Q17: 0.0
Q18: 0.0
Q19: 0.0
Q20: 0.0
Q21: 0.0
Q22: 0.0
Q23: 0.0
Q24: 0.0
Q25: 0.0
Q26: 0.0
Q27: 0.0
Q28: 0.0
Branches :27

--------------------------------------------------------
selected :Q2 <<<<
--------------------------------------------------------
System entrophy of 2 :1.0

----------------------
Attendance: 0.0
Difficulty: 0.0
Q1: 0.0
Q2: 0.0
Q3: 0.0
Q5: 0.0
Q6: 0.0
Q7: 0.0
Q8: 0.0
Q9: 0.0
Q10: 0.0
Q11: 0.0
Q12: 0.0
Q13: 0.0
Q15: 0.0
Q16: 0.0
Q17: 0.0
Q18: 0.0
Q19: 0.0
Q20: 0.0
Q21: 0.0
Q22: 0.0
Q23: 0.0
Q24: 0.0
Q25: 0.0
Q26: 0.0
Q27: 0.0
Q28: 0.0
Branches :28

--------------------------------------------------------
System entrophy of 2 :0.8112781047821045

----------------------
Class: 0.12255625426769257
Attendance: 0.0
Difficulty: 0.12255625426769257
Q1: 0.12255625426769257
Q2: 0.0
Q3: 0.0
Q5: 0.0
Q6: 0.12255625426769257
Q7: 0.0
Q8: 0.0
Q9: 0.0
Q10: 0.0
Q11: 0.0
Q12: 0.0
Q13: 0.12255625426769257
Q15: 0.0
Q16: 0.0
Q17: 0.0
Q18: 0.0
Q19: 0.0
Q20: 0.0
Q21: 0.0
Q22: 0.0
Q23: 0.0
Q24: 0.0
Q25: 0.0
Q26: 0.0
Q27: 0.0
Q28: 0.0
Branches :29

--------------------------------------------------------
selected :Class <<<<
--------------------------------------------------------
System entrophy of 1 :0.9182958006858826

----------------------
Attendance: 0.0
Difficulty: 0.25162913401921594
Q1: 0.0
Q2: 0.0
Q3: 0.0
Q5: 0.0
Q6: 0.0
Q7: 0.0
Q8: 0.0
Q9: 0.0
Q10: 0.0
Q11: 0.0
Q12: 0.0
Q13: 0.0
Q15: 0.0
Q16: 0.0
Q17: 0.0
Q18: 0.0
Q19: 0.0
Q20: 0.0
Q21: 0.0
Q22: 0.0
Q23: 0.0
Q24: 0.0
Q25: 0.0
Q26: 0.0
Q27: 0.0
Q28: 0.0
Branches :28

--------------------------------------------------------
selected :Difficulty <<<<
--------------------------------------------------------
System entrophy of 1 :1.0

----------------------
Attendance: 0.0
Q1: 0.0
Q2: 0.0
Q3: 0.0
Q5: 0.0
Q6: 0.0
Q7: 0.0
Q8: 0.0
Q9: 0.0
Q10: 0.0
Q11: 0.0
Q12: 0.0
Q13: 0.0
Q15: 0.0
Q16: 0.0
Q17: 0.0
Q18: 0.0
Q19: 0.0
Q20: 0.0
Q21: 0.0
Q22: 0.0
Q23: 0.0
Q24: 0.0
Q25: 0.0
Q26: 0.0
Q27: 0.0
Q28: 0.0
Branches :27

--------------------------------------------------------
System entrophy of 2 :0.8112781047821045

----------------------
Class: 0.20443401485681534
Attendance: 0.3112781047821045
Difficulty: 0.0
Q1: 0.20443401485681534
Q2: 0.12255620956420898
Q3: 0.0
Q4: 0.12255620956420898
Q5: 0.05604761838912964
Q6: 0.3112781047821045
Q7: 0.05604761838912964
Q8: 0.05604761838912964
Q9: 0.05604761838912964
Q10: 0.05604761838912964
Q11: 0.3112781047821045
Q12: 0.05604761838912964
Q13: 0.12255620956420898
Q15: 0.0
Q16: 0.05604761838912964
Q17: 0.0
Q18: 0.0
Q19: 0.0
Q20: 0.05604761838912964
Q21: 0.0
Q22: 0.0
Q23: 0.0
Q24: 0.0
Q25: 0.0
Q26: 0.12255620956420898
Q27: 0.0
Q28: 0.0
Branches :30

--------------------------------------------------------
selected :Attendance <<<<
--------------------------------------------------------
System entrophy of 1 :1.0

----------------------
Class: 0.3112781494855881
Difficulty: 0.0
Q1: 0.0
Q2: 0.3112781494855881
Q3: 0.0
Q4: 0.0
Q5: 0.0
Q6: 1.0
Q7: 0.0
Q8: 0.0
Q9: 0.0
Q10: 0.0
Q11: 1.0
Q12: 0.0
Q13: 0.0
Q15: 0.0
Q16: 0.3112781494855881
Q17: 0.0
Q18: 0.0
Q19: 0.0
Q20: 0.0
Q21: 0.0
Q22: 0.0
Q23: 0.0
Q24: 0.0
Q25: 0.0
Q26: 0.3112781494855881
Q27: 0.0
Q28: 0.0
Branches :29

--------------------------------------------------------
selected :Q6 <<<<
--------------------------------------------------------
System entrophy of 2 :0.991264283657074

----------------------
Class: 0.143606593975654
Attendance: 0.09499627351760864
Difficulty: 0.21435155776830817
Q1: 0.0726505563809321
Q2: 0.258616355749277
Q3: 0.06405289815022397
Q4: 0.06405289815022397
Q5: 0.258616355749277
Q6: 0.05872945143626285
Q7: 0.22402053154431856
Q8: 0.06405289815022397
Q9: 0.21257559611247134
Q10: 0.258616355749277
Q11: 0.09499627351760864
Q12: 0.22402053154431856
Q13: 0.0726505563809321
Q14: 0.06050540392215431
Q15: 0.06050540392215431
Q16: 0.0726505563809321
Q17: 0.06050540392215431
Q18: 0.0726505563809321
Q19: 0.0726505563809321
Q20: 0.06050540392215431
Q21: 0.06050540392215431
Q22: 0.06050540392215431
Q23: 0.06050540392215431
Q24: 0.06050540392215431
Q25: 0.06050540392215431
Q26: 0.06050540392215431
Q27: 0.06050540392215431
Q28: 0.09499627351760864
Branches :31

--------------------------------------------------------
selected :Q2 <<<<
--------------------------------------------------------
System entrophy of 1 :1.0

----------------------
Class: 1.0
Attendance: 0.0
Difficulty: 1.0
Q1: 1.0
Q3: 1.0
Q4: 1.0
Q5: 0.0
Q6: 1.0
Q7: 0.0
Q8: 1.0
Q9: 0.0
Q10: 0.0
Q11: 0.0
Q12: 0.0
Q13: 1.0
Q14: 1.0
Q15: 1.0
Q16: 0.0
Q17: 1.0
Q18: 1.0
Q19: 1.0
Q20: 1.0
Q21: 1.0
Q22: 1.0
Q23: 0.0
Q24: 0.0
Q25: 1.0
Q26: 0.0
Q27: 0.0
Q28: 0.0
Branches :30

--------------------------------------------------------
selected :Class <<<<
--------------------------------------------------------
System entrophy of 2 :0.6840384602546692

----------------------
Class: 0.09401802041313867
Attendance: 0.012509199705990903
Difficulty: 0.13477992469614208
Q1: 0.001331616531718871
Q3: 0.027740169655192992
Q4: 0.027740169655192992
Q5: 0.0
Q6: 0.03827454285188159
Q7: 0.027740169655192992
Q8: 0.027740169655192992
Q9: 0.058780231259085824
Q10: 0.0
Q11: 0.012509199705990903
Q12: 0.027740169655192992
Q13: 0.001331616531718871
Q14: 0.012509199705990903
Q15: 0.012509199705990903
Q16: 0.001331616531718871
Q17: 0.012509199705990903
Q18: 0.001331616531718871
Q19: 0.001331616531718871
Q20: 0.012509199705990903
Q21: 0.012509199705990903
Q22: 0.012509199705990903
Q23: 0.001331616531718871
Q24: 0.001331616531718871
Q25: 0.012509199705990903
Q26: 0.001331616531718871
Q27: 0.001331616531718871
Q28: 0.012509199705990903
Branches :30

--------------------------------------------------------
selected :Difficulty <<<<
--------------------------------------------------------
System entrophy of 2 :0.8631205558776855

----------------------
Class: 0.0
Attendance: 0.005977698734828452
Q1: 0.005977698734828452
Q3: 0.0
Q4: 0.07600981848580501
Q5: 0.0
Q6: 0.06174332754952572
Q7: 0.07600981848580501
Q8: 0.07600981848580501
Q9: 0.07600981848580501
Q10: 0.0
Q11: 0.005977698734828452
Q12: 0.0
Q13: 0.005977698734828452
Q14: 0.005977698734828452
Q15: 0.005977698734828452
Q16: 0.005977698734828452
Q17: 0.005977698734828452
Q18: 0.005977698734828452
Q19: 0.005977698734828452
Q20: 0.005977698734828452
Q21: 0.005977698734828452
Q22: 0.005977698734828452
Q23: 0.005977698734828452
Q24: 0.005977698734828452
Q25: 0.005977698734828452
Q26: 0.005977698734828452
Q27: 0.005977698734828452
Q28: 0.005977698734828452
Branches :29

--------------------------------------------------------
selected :Q4 <<<<
--------------------------------------------------------
System entrophy of 2 :0.9182958602905273

----------------------
Class: 0.0
Attendance: 0.0
Q1: 0.044110457102457756
Q3: 0.0
Q5: 0.0
Q6: 0.044110457102457756
Q7: 0.0
Q8: 0.0
Q9: 0.0
Q10: 0.0
Q11: 0.0
Q12: 0.0
Q13: 0.0
Q14: 0.0
Q15: 0.0
Q16: 0.0
Q17: 0.0
Q18: 0.0
Q19: 0.0
Q20: 0.0
Q21: 0.0
Q22: 0.0
Q23: 0.0
Q24: 0.0
Q25: 0.0
Q26: 0.0
Q27: 0.0
Q28: 0.0
Branches :28

--------------------------------------------------------
selected :Q1 <<<<
--------------------------------------------------------
System entrophy of 1 :1.0

----------------------
Class: 0.0
Attendance: 0.0
Q3: 0.0
Q5: 0.0
Q6: 1.0
Q7: 0.0
Q8: 0.0
Q9: 0.0
Q10: 0.0
Q11: 1.0
Q12: 0.0
Q13: 1.0
Q14: 1.0
Q15: 1.0
Q16: 1.0
Q17: 1.0
Q18: 1.0
Q19: 1.0
Q20: 1.0
Q21: 1.0
Q22: 1.0
Q23: 1.0
Q24: 1.0
Q25: 1.0
Q26: 1.0
Q27: 1.0
Q28: 1.0
Branches :27

--------------------------------------------------------
selected :Q6 <<<<
--------------------------------------------------------
System entrophy of 2 :0.8112781047821045

----------------------
Class: 0.0
Attendance: 0.12255620956420898
Q3: 0.0
Q5: 0.0
Q6: 0.12255620956420898
Q7: 0.0
Q8: 0.0
Q9: 0.0
Q10: 0.0
Q11: 0.3112781047821045
Q12: 0.0
Q13: 0.3112781047821045
Q14: 0.3112781047821045
Q15: 0.3112781047821045
Q16: 0.3112781047821045
Q17: 0.3112781047821045
Q18: 0.3112781047821045
Q19: 0.3112781047821045
Q20: 0.3112781047821045
Q21: 0.3112781047821045
Q22: 0.3112781047821045
Q23: 0.3112781047821045
Q24: 0.3112781047821045
Q25: 0.3112781047821045
Q26: 0.3112781047821045
Q27: 0.3112781047821045
Q28: 0.3112781047821045
Branches :27

--------------------------------------------------------
selected :Q11 <<<<
--------------------------------------------------------
System entrophy of 2 :1.0

----------------------
Class: 0.0
Attendance: 0.0
Q3: 0.0
Q5: 0.0
Q6: 0.0
Q7: 0.0
Q8: 0.0
Q9: 0.0
Q10: 0.0
Q12: 0.0
Q13: 0.0
Q14: 0.0
Q15: 0.0
Q16: 0.0
Q17: 0.0
Q18: 0.0
Q19: 0.0
Q20: 0.0
Q21: 0.0
Q22: 0.0
Q23: 0.0
Q24: 0.0
Q25: 0.0
Q26: 0.0
Q27: 0.0
Q28: 0.0
Branches :26

--------------------------------------------------------
